<?xml version="1.0" encoding="UTF-8"?>
<testsuite name="com.example.triviaApplication.TriviaApplicationTests" tests="1" skipped="0" failures="0" errors="0" timestamp="2024-01-10T17:33:01" hostname="SEMMI" time="0.539">
  <properties/>
  <testcase name="contextLoads()" classname="com.example.triviaApplication.TriviaApplicationTests" time="0.539"/>
  <system-out><![CDATA[11:32:53.334 [Test worker] INFO org.springframework.test.context.support.AnnotationConfigContextLoaderUtils -- Could not detect default configuration classes for test class [com.example.triviaApplication.TriviaApplicationTests]: TriviaApplicationTests does not declare any static, non-private, non-final, nested classes annotated with @Configuration.
11:32:53.457 [Test worker] INFO org.springframework.boot.test.context.SpringBootTestContextBootstrapper -- Found @SpringBootConfiguration com.example.triviaApplication.TriviaApplication for test class com.example.triviaApplication.TriviaApplicationTests

  .   ____          _            __ _ _
 /\\ / ___'_ __ _ _(_)_ __  __ _ \ \ \ \
( ( )\___ | '_ | '_| | '_ \/ _` | \ \ \ \
 \\/  ___)| |_)| | | | | || (_| |  ) ) ) )
  '  |____| .__|_| |_|_| |_\__, | / / / /
 =========|_|==============|___/=/_/_/_/
 :: Spring Boot ::                (v3.2.0)

2024-01-10T11:32:53.925-06:00  INFO 17520 --- [    Test worker] c.e.t.TriviaApplicationTests             : Starting TriviaApplicationTests using Java 17.0.8 with PID 17520 (started by 5540 in C:\Users\5540\IdeaProjects\iron-jedi)
2024-01-10T11:32:53.927-06:00  INFO 17520 --- [    Test worker] c.e.t.TriviaApplicationTests             : No active profile set, falling back to 1 default profile: "default"
2024-01-10T11:32:54.655-06:00  INFO 17520 --- [    Test worker] .s.d.r.c.RepositoryConfigurationDelegate : Bootstrapping Spring Data JPA repositories in DEFAULT mode.
2024-01-10T11:32:54.859-06:00  INFO 17520 --- [    Test worker] .s.d.r.c.RepositoryConfigurationDelegate : Finished Spring Data repository scanning in 195 ms. Found 4 JPA repository interfaces.
2024-01-10T11:32:54.995-06:00  INFO 17520 --- [    Test worker] faultConfiguringBeanFactoryPostProcessor : No bean named 'errorChannel' has been explicitly defined. Therefore, a default PublishSubscribeChannel will be created.
2024-01-10T11:32:55.008-06:00  INFO 17520 --- [    Test worker] faultConfiguringBeanFactoryPostProcessor : No bean named 'integrationHeaderChannelRegistry' has been explicitly defined. Therefore, a default DefaultHeaderChannelRegistry will be created.
2024-01-10T11:32:55.536-06:00  INFO 17520 --- [    Test worker] o.hibernate.jpa.internal.util.LogHelper  : HHH000204: Processing PersistenceUnitInfo [name: default]
2024-01-10T11:32:55.607-06:00  INFO 17520 --- [    Test worker] org.hibernate.Version                    : HHH000412: Hibernate ORM core version 6.3.1.Final
2024-01-10T11:32:55.651-06:00  INFO 17520 --- [    Test worker] o.h.c.internal.RegionFactoryInitiator    : HHH000026: Second-level cache disabled
2024-01-10T11:32:55.745-06:00 DEBUG 17520 --- [    Test worker] org.hibernate.type.BasicTypeRegistry     : Adding type registration boolean -> org.hibernate.type.BasicTypeReference@3d1c52f5
2024-01-10T11:32:55.745-06:00 DEBUG 17520 --- [    Test worker] org.hibernate.type.BasicTypeRegistry     : Adding type registration boolean -> org.hibernate.type.BasicTypeReference@3d1c52f5
2024-01-10T11:32:55.745-06:00 DEBUG 17520 --- [    Test worker] org.hibernate.type.BasicTypeRegistry     : Adding type registration java.lang.Boolean -> org.hibernate.type.BasicTypeReference@3d1c52f5
2024-01-10T11:32:55.745-06:00 DEBUG 17520 --- [    Test worker] org.hibernate.type.BasicTypeRegistry     : Adding type registration numeric_boolean -> org.hibernate.type.BasicTypeReference@4e7bc939
2024-01-10T11:32:55.746-06:00 DEBUG 17520 --- [    Test worker] org.hibernate.type.BasicTypeRegistry     : Adding type registration org.hibernate.type.NumericBooleanConverter -> org.hibernate.type.BasicTypeReference@4e7bc939
2024-01-10T11:32:55.746-06:00 DEBUG 17520 --- [    Test worker] org.hibernate.type.BasicTypeRegistry     : Adding type registration true_false -> org.hibernate.type.BasicTypeReference@67b5e613
2024-01-10T11:32:55.746-06:00 DEBUG 17520 --- [    Test worker] org.hibernate.type.BasicTypeRegistry     : Adding type registration org.hibernate.type.TrueFalseConverter -> org.hibernate.type.BasicTypeReference@67b5e613
2024-01-10T11:32:55.746-06:00 DEBUG 17520 --- [    Test worker] org.hibernate.type.BasicTypeRegistry     : Adding type registration yes_no -> org.hibernate.type.BasicTypeReference@6fc1a8f6
2024-01-10T11:32:55.746-06:00 DEBUG 17520 --- [    Test worker] org.hibernate.type.BasicTypeRegistry     : Adding type registration org.hibernate.type.YesNoConverter -> org.hibernate.type.BasicTypeReference@6fc1a8f6
2024-01-10T11:32:55.746-06:00 DEBUG 17520 --- [    Test worker] org.hibernate.type.BasicTypeRegistry     : Adding type registration byte -> org.hibernate.type.BasicTypeReference@3095d401
2024-01-10T11:32:55.746-06:00 DEBUG 17520 --- [    Test worker] org.hibernate.type.BasicTypeRegistry     : Adding type registration byte -> org.hibernate.type.BasicTypeReference@3095d401
2024-01-10T11:32:55.747-06:00 DEBUG 17520 --- [    Test worker] org.hibernate.type.BasicTypeRegistry     : Adding type registration java.lang.Byte -> org.hibernate.type.BasicTypeReference@3095d401
2024-01-10T11:32:55.748-06:00 DEBUG 17520 --- [    Test worker] org.hibernate.type.BasicTypeRegistry     : Adding type registration binary -> org.hibernate.type.BasicTypeReference@2037f12b
2024-01-10T11:32:55.748-06:00 DEBUG 17520 --- [    Test worker] org.hibernate.type.BasicTypeRegistry     : Adding type registration byte[] -> org.hibernate.type.BasicTypeReference@2037f12b
2024-01-10T11:32:55.748-06:00 DEBUG 17520 --- [    Test worker] org.hibernate.type.BasicTypeRegistry     : Adding type registration [B -> org.hibernate.type.BasicTypeReference@2037f12b
2024-01-10T11:32:55.749-06:00 DEBUG 17520 --- [    Test worker] org.hibernate.type.BasicTypeRegistry     : Adding type registration binary_wrapper -> org.hibernate.type.BasicTypeReference@14b5752f
2024-01-10T11:32:55.749-06:00 DEBUG 17520 --- [    Test worker] org.hibernate.type.BasicTypeRegistry     : Adding type registration wrapper-binary -> org.hibernate.type.BasicTypeReference@14b5752f
2024-01-10T11:32:55.749-06:00 DEBUG 17520 --- [    Test worker] org.hibernate.type.BasicTypeRegistry     : Adding type registration image -> org.hibernate.type.BasicTypeReference@b94703b
2024-01-10T11:32:55.749-06:00 DEBUG 17520 --- [    Test worker] org.hibernate.type.BasicTypeRegistry     : Adding type registration blob -> org.hibernate.type.BasicTypeReference@33a47707
2024-01-10T11:32:55.749-06:00 DEBUG 17520 --- [    Test worker] org.hibernate.type.BasicTypeRegistry     : Adding type registration java.sql.Blob -> org.hibernate.type.BasicTypeReference@33a47707
2024-01-10T11:32:55.750-06:00 DEBUG 17520 --- [    Test worker] org.hibernate.type.BasicTypeRegistry     : Adding type registration materialized_blob -> org.hibernate.type.BasicTypeReference@4d290757
2024-01-10T11:32:55.750-06:00 DEBUG 17520 --- [    Test worker] org.hibernate.type.BasicTypeRegistry     : Adding type registration materialized_blob_wrapper -> org.hibernate.type.BasicTypeReference@720a1fd0
2024-01-10T11:32:55.750-06:00 DEBUG 17520 --- [    Test worker] org.hibernate.type.BasicTypeRegistry     : Adding type registration short -> org.hibernate.type.BasicTypeReference@5ab7ac02
2024-01-10T11:32:55.750-06:00 DEBUG 17520 --- [    Test worker] org.hibernate.type.BasicTypeRegistry     : Adding type registration short -> org.hibernate.type.BasicTypeReference@5ab7ac02
2024-01-10T11:32:55.750-06:00 DEBUG 17520 --- [    Test worker] org.hibernate.type.BasicTypeRegistry     : Adding type registration java.lang.Short -> org.hibernate.type.BasicTypeReference@5ab7ac02
2024-01-10T11:32:55.751-06:00 DEBUG 17520 --- [    Test worker] org.hibernate.type.BasicTypeRegistry     : Adding type registration integer -> org.hibernate.type.BasicTypeReference@4abbe41c
2024-01-10T11:32:55.751-06:00 DEBUG 17520 --- [    Test worker] org.hibernate.type.BasicTypeRegistry     : Adding type registration int -> org.hibernate.type.BasicTypeReference@4abbe41c
2024-01-10T11:32:55.751-06:00 DEBUG 17520 --- [    Test worker] org.hibernate.type.BasicTypeRegistry     : Adding type registration java.lang.Integer -> org.hibernate.type.BasicTypeReference@4abbe41c
2024-01-10T11:32:55.751-06:00 DEBUG 17520 --- [    Test worker] org.hibernate.type.BasicTypeRegistry     : Adding type registration long -> org.hibernate.type.BasicTypeReference@4fad51a3
2024-01-10T11:32:55.751-06:00 DEBUG 17520 --- [    Test worker] org.hibernate.type.BasicTypeRegistry     : Adding type registration long -> org.hibernate.type.BasicTypeReference@4fad51a3
2024-01-10T11:32:55.751-06:00 DEBUG 17520 --- [    Test worker] org.hibernate.type.BasicTypeRegistry     : Adding type registration java.lang.Long -> org.hibernate.type.BasicTypeReference@4fad51a3
2024-01-10T11:32:55.752-06:00 DEBUG 17520 --- [    Test worker] org.hibernate.type.BasicTypeRegistry     : Adding type registration float -> org.hibernate.type.BasicTypeReference@6d7b2319
2024-01-10T11:32:55.752-06:00 DEBUG 17520 --- [    Test worker] org.hibernate.type.BasicTypeRegistry     : Adding type registration float -> org.hibernate.type.BasicTypeReference@6d7b2319
2024-01-10T11:32:55.752-06:00 DEBUG 17520 --- [    Test worker] org.hibernate.type.BasicTypeRegistry     : Adding type registration java.lang.Float -> org.hibernate.type.BasicTypeReference@6d7b2319
2024-01-10T11:32:55.752-06:00 DEBUG 17520 --- [    Test worker] org.hibernate.type.BasicTypeRegistry     : Adding type registration double -> org.hibernate.type.BasicTypeReference@acb5508
2024-01-10T11:32:55.752-06:00 DEBUG 17520 --- [    Test worker] org.hibernate.type.BasicTypeRegistry     : Adding type registration double -> org.hibernate.type.BasicTypeReference@acb5508
2024-01-10T11:32:55.752-06:00 DEBUG 17520 --- [    Test worker] org.hibernate.type.BasicTypeRegistry     : Adding type registration java.lang.Double -> org.hibernate.type.BasicTypeReference@acb5508
2024-01-10T11:32:55.752-06:00 DEBUG 17520 --- [    Test worker] org.hibernate.type.BasicTypeRegistry     : Adding type registration big_integer -> org.hibernate.type.BasicTypeReference@1f45db49
2024-01-10T11:32:55.753-06:00 DEBUG 17520 --- [    Test worker] org.hibernate.type.BasicTypeRegistry     : Adding type registration java.math.BigInteger -> org.hibernate.type.BasicTypeReference@1f45db49
2024-01-10T11:32:55.753-06:00 DEBUG 17520 --- [    Test worker] org.hibernate.type.BasicTypeRegistry     : Adding type registration big_decimal -> org.hibernate.type.BasicTypeReference@3ac0a14b
2024-01-10T11:32:55.754-06:00 DEBUG 17520 --- [    Test worker] org.hibernate.type.BasicTypeRegistry     : Adding type registration java.math.BigDecimal -> org.hibernate.type.BasicTypeReference@3ac0a14b
2024-01-10T11:32:55.754-06:00 DEBUG 17520 --- [    Test worker] org.hibernate.type.BasicTypeRegistry     : Adding type registration character -> org.hibernate.type.BasicTypeReference@e972ee1
2024-01-10T11:32:55.754-06:00 DEBUG 17520 --- [    Test worker] org.hibernate.type.BasicTypeRegistry     : Adding type registration char -> org.hibernate.type.BasicTypeReference@e972ee1
2024-01-10T11:32:55.754-06:00 DEBUG 17520 --- [    Test worker] org.hibernate.type.BasicTypeRegistry     : Adding type registration java.lang.Character -> org.hibernate.type.BasicTypeReference@e972ee1
2024-01-10T11:32:55.754-06:00 DEBUG 17520 --- [    Test worker] org.hibernate.type.BasicTypeRegistry     : Adding type registration character_nchar -> org.hibernate.type.BasicTypeReference@5e24592e
2024-01-10T11:32:55.755-06:00 DEBUG 17520 --- [    Test worker] org.hibernate.type.BasicTypeRegistry     : Adding type registration string -> org.hibernate.type.BasicTypeReference@6f0a4e30
2024-01-10T11:32:55.755-06:00 DEBUG 17520 --- [    Test worker] org.hibernate.type.BasicTypeRegistry     : Adding type registration java.lang.String -> org.hibernate.type.BasicTypeReference@6f0a4e30
2024-01-10T11:32:55.755-06:00 DEBUG 17520 --- [    Test worker] org.hibernate.type.BasicTypeRegistry     : Adding type registration nstring -> org.hibernate.type.BasicTypeReference@50ff7063
2024-01-10T11:32:55.755-06:00 DEBUG 17520 --- [    Test worker] org.hibernate.type.BasicTypeRegistry     : Adding type registration characters -> org.hibernate.type.BasicTypeReference@67a8bcbb
2024-01-10T11:32:55.755-06:00 DEBUG 17520 --- [    Test worker] org.hibernate.type.BasicTypeRegistry     : Adding type registration char[] -> org.hibernate.type.BasicTypeReference@67a8bcbb
2024-01-10T11:32:55.755-06:00 DEBUG 17520 --- [    Test worker] org.hibernate.type.BasicTypeRegistry     : Adding type registration [C -> org.hibernate.type.BasicTypeReference@67a8bcbb
2024-01-10T11:32:55.755-06:00 DEBUG 17520 --- [    Test worker] org.hibernate.type.BasicTypeRegistry     : Adding type registration wrapper-characters -> org.hibernate.type.BasicTypeReference@1bb96449
2024-01-10T11:32:55.755-06:00 DEBUG 17520 --- [    Test worker] org.hibernate.type.BasicTypeRegistry     : Adding type registration text -> org.hibernate.type.BasicTypeReference@26ffd2c0
2024-01-10T11:32:55.756-06:00 DEBUG 17520 --- [    Test worker] org.hibernate.type.BasicTypeRegistry     : Adding type registration ntext -> org.hibernate.type.BasicTypeReference@d28c214
2024-01-10T11:32:55.756-06:00 DEBUG 17520 --- [    Test worker] org.hibernate.type.BasicTypeRegistry     : Adding type registration clob -> org.hibernate.type.BasicTypeReference@2fc7fa6e
2024-01-10T11:32:55.756-06:00 DEBUG 17520 --- [    Test worker] org.hibernate.type.BasicTypeRegistry     : Adding type registration java.sql.Clob -> org.hibernate.type.BasicTypeReference@2fc7fa6e
2024-01-10T11:32:55.756-06:00 DEBUG 17520 --- [    Test worker] org.hibernate.type.BasicTypeRegistry     : Adding type registration nclob -> org.hibernate.type.BasicTypeReference@7f8c48f3
2024-01-10T11:32:55.756-06:00 DEBUG 17520 --- [    Test worker] org.hibernate.type.BasicTypeRegistry     : Adding type registration java.sql.NClob -> org.hibernate.type.BasicTypeReference@7f8c48f3
2024-01-10T11:32:55.756-06:00 DEBUG 17520 --- [    Test worker] org.hibernate.type.BasicTypeRegistry     : Adding type registration materialized_clob -> org.hibernate.type.BasicTypeReference@273dec10
2024-01-10T11:32:55.756-06:00 DEBUG 17520 --- [    Test worker] org.hibernate.type.BasicTypeRegistry     : Adding type registration materialized_clob_char_array -> org.hibernate.type.BasicTypeReference@6cceb281
2024-01-10T11:32:55.756-06:00 DEBUG 17520 --- [    Test worker] org.hibernate.type.BasicTypeRegistry     : Adding type registration materialized_clob_character_array -> org.hibernate.type.BasicTypeReference@7cca31fc
2024-01-10T11:32:55.756-06:00 DEBUG 17520 --- [    Test worker] org.hibernate.type.BasicTypeRegistry     : Adding type registration materialized_nclob -> org.hibernate.type.BasicTypeReference@619c3546
2024-01-10T11:32:55.757-06:00 DEBUG 17520 --- [    Test worker] org.hibernate.type.BasicTypeRegistry     : Adding type registration materialized_nclob_character_array -> org.hibernate.type.BasicTypeReference@29090809
2024-01-10T11:32:55.757-06:00 DEBUG 17520 --- [    Test worker] org.hibernate.type.BasicTypeRegistry     : Adding type registration materialized_nclob_char_array -> org.hibernate.type.BasicTypeReference@30cafd13
2024-01-10T11:32:55.757-06:00 DEBUG 17520 --- [    Test worker] org.hibernate.type.BasicTypeRegistry     : Adding type registration Duration -> org.hibernate.type.BasicTypeReference@1d226f27
2024-01-10T11:32:55.757-06:00 DEBUG 17520 --- [    Test worker] org.hibernate.type.BasicTypeRegistry     : Adding type registration java.time.Duration -> org.hibernate.type.BasicTypeReference@1d226f27
2024-01-10T11:32:55.757-06:00 DEBUG 17520 --- [    Test worker] org.hibernate.type.BasicTypeRegistry     : Adding type registration LocalDateTime -> org.hibernate.type.BasicTypeReference@1d944fc0
2024-01-10T11:32:55.757-06:00 DEBUG 17520 --- [    Test worker] org.hibernate.type.BasicTypeRegistry     : Adding type registration java.time.LocalDateTime -> org.hibernate.type.BasicTypeReference@1d944fc0
2024-01-10T11:32:55.757-06:00 DEBUG 17520 --- [    Test worker] org.hibernate.type.BasicTypeRegistry     : Adding type registration LocalDate -> org.hibernate.type.BasicTypeReference@7c3c453b
2024-01-10T11:32:55.757-06:00 DEBUG 17520 --- [    Test worker] org.hibernate.type.BasicTypeRegistry     : Adding type registration java.time.LocalDate -> org.hibernate.type.BasicTypeReference@7c3c453b
2024-01-10T11:32:55.758-06:00 DEBUG 17520 --- [    Test worker] org.hibernate.type.BasicTypeRegistry     : Adding type registration LocalTime -> org.hibernate.type.BasicTypeReference@1b791dca
2024-01-10T11:32:55.758-06:00 DEBUG 17520 --- [    Test worker] org.hibernate.type.BasicTypeRegistry     : Adding type registration java.time.LocalTime -> org.hibernate.type.BasicTypeReference@1b791dca
2024-01-10T11:32:55.758-06:00 DEBUG 17520 --- [    Test worker] org.hibernate.type.BasicTypeRegistry     : Adding type registration OffsetDateTime -> org.hibernate.type.BasicTypeReference@15ac02d5
2024-01-10T11:32:55.758-06:00 DEBUG 17520 --- [    Test worker] org.hibernate.type.BasicTypeRegistry     : Adding type registration java.time.OffsetDateTime -> org.hibernate.type.BasicTypeReference@15ac02d5
2024-01-10T11:32:55.758-06:00 DEBUG 17520 --- [    Test worker] org.hibernate.type.BasicTypeRegistry     : Adding type registration OffsetDateTimeWithTimezone -> org.hibernate.type.BasicTypeReference@2af9a5ef
2024-01-10T11:32:55.758-06:00 DEBUG 17520 --- [    Test worker] org.hibernate.type.BasicTypeRegistry     : Adding type registration OffsetDateTimeWithoutTimezone -> org.hibernate.type.BasicTypeReference@34f23816
2024-01-10T11:32:55.758-06:00 DEBUG 17520 --- [    Test worker] org.hibernate.type.BasicTypeRegistry     : Adding type registration OffsetTime -> org.hibernate.type.BasicTypeReference@6736f40f
2024-01-10T11:32:55.758-06:00 DEBUG 17520 --- [    Test worker] org.hibernate.type.BasicTypeRegistry     : Adding type registration java.time.OffsetTime -> org.hibernate.type.BasicTypeReference@6736f40f
2024-01-10T11:32:55.758-06:00 DEBUG 17520 --- [    Test worker] org.hibernate.type.BasicTypeRegistry     : Adding type registration OffsetTimeUtc -> org.hibernate.type.BasicTypeReference@12f9f896
2024-01-10T11:32:55.759-06:00 DEBUG 17520 --- [    Test worker] org.hibernate.type.BasicTypeRegistry     : Adding type registration OffsetTimeWithTimezone -> org.hibernate.type.BasicTypeReference@7548e1fb
2024-01-10T11:32:55.759-06:00 DEBUG 17520 --- [    Test worker] org.hibernate.type.BasicTypeRegistry     : Adding type registration OffsetTimeWithoutTimezone -> org.hibernate.type.BasicTypeReference@505f45cc
2024-01-10T11:32:55.759-06:00 DEBUG 17520 --- [    Test worker] org.hibernate.type.BasicTypeRegistry     : Adding type registration ZonedDateTime -> org.hibernate.type.BasicTypeReference@994544
2024-01-10T11:32:55.759-06:00 DEBUG 17520 --- [    Test worker] org.hibernate.type.BasicTypeRegistry     : Adding type registration java.time.ZonedDateTime -> org.hibernate.type.BasicTypeReference@994544
2024-01-10T11:32:55.759-06:00 DEBUG 17520 --- [    Test worker] org.hibernate.type.BasicTypeRegistry     : Adding type registration ZonedDateTimeWithTimezone -> org.hibernate.type.BasicTypeReference@5df92089
2024-01-10T11:32:55.759-06:00 DEBUG 17520 --- [    Test worker] org.hibernate.type.BasicTypeRegistry     : Adding type registration ZonedDateTimeWithoutTimezone -> org.hibernate.type.BasicTypeReference@6f0c45f4
2024-01-10T11:32:55.759-06:00 DEBUG 17520 --- [    Test worker] org.hibernate.type.BasicTypeRegistry     : Adding type registration date -> org.hibernate.type.BasicTypeReference@45571cfc
2024-01-10T11:32:55.759-06:00 DEBUG 17520 --- [    Test worker] org.hibernate.type.BasicTypeRegistry     : Adding type registration java.sql.Date -> org.hibernate.type.BasicTypeReference@45571cfc
2024-01-10T11:32:55.759-06:00 DEBUG 17520 --- [    Test worker] org.hibernate.type.BasicTypeRegistry     : Adding type registration time -> org.hibernate.type.BasicTypeReference@faec277
2024-01-10T11:32:55.759-06:00 DEBUG 17520 --- [    Test worker] org.hibernate.type.BasicTypeRegistry     : Adding type registration java.sql.Time -> org.hibernate.type.BasicTypeReference@faec277
2024-01-10T11:32:55.760-06:00 DEBUG 17520 --- [    Test worker] org.hibernate.type.BasicTypeRegistry     : Adding type registration timestamp -> org.hibernate.type.BasicTypeReference@1b475663
2024-01-10T11:32:55.760-06:00 DEBUG 17520 --- [    Test worker] org.hibernate.type.BasicTypeRegistry     : Adding type registration java.sql.Timestamp -> org.hibernate.type.BasicTypeReference@1b475663
2024-01-10T11:32:55.760-06:00 DEBUG 17520 --- [    Test worker] org.hibernate.type.BasicTypeRegistry     : Adding type registration java.util.Date -> org.hibernate.type.BasicTypeReference@1b475663
2024-01-10T11:32:55.760-06:00 DEBUG 17520 --- [    Test worker] org.hibernate.type.BasicTypeRegistry     : Adding type registration calendar -> org.hibernate.type.BasicTypeReference@1669931a
2024-01-10T11:32:55.760-06:00 DEBUG 17520 --- [    Test worker] org.hibernate.type.BasicTypeRegistry     : Adding type registration java.util.Calendar -> org.hibernate.type.BasicTypeReference@1669931a
2024-01-10T11:32:55.760-06:00 DEBUG 17520 --- [    Test worker] org.hibernate.type.BasicTypeRegistry     : Adding type registration java.util.GregorianCalendar -> org.hibernate.type.BasicTypeReference@1669931a
2024-01-10T11:32:55.760-06:00 DEBUG 17520 --- [    Test worker] org.hibernate.type.BasicTypeRegistry     : Adding type registration calendar_date -> org.hibernate.type.BasicTypeReference@6b24ddd7
2024-01-10T11:32:55.760-06:00 DEBUG 17520 --- [    Test worker] org.hibernate.type.BasicTypeRegistry     : Adding type registration calendar_time -> org.hibernate.type.BasicTypeReference@12e007be
2024-01-10T11:32:55.761-06:00 DEBUG 17520 --- [    Test worker] org.hibernate.type.BasicTypeRegistry     : Adding type registration instant -> org.hibernate.type.BasicTypeReference@3335afcf
2024-01-10T11:32:55.761-06:00 DEBUG 17520 --- [    Test worker] org.hibernate.type.BasicTypeRegistry     : Adding type registration java.time.Instant -> org.hibernate.type.BasicTypeReference@3335afcf
2024-01-10T11:32:55.761-06:00 DEBUG 17520 --- [    Test worker] org.hibernate.type.BasicTypeRegistry     : Adding type registration uuid -> org.hibernate.type.BasicTypeReference@699e0bf0
2024-01-10T11:32:55.761-06:00 DEBUG 17520 --- [    Test worker] org.hibernate.type.BasicTypeRegistry     : Adding type registration java.util.UUID -> org.hibernate.type.BasicTypeReference@699e0bf0
2024-01-10T11:32:55.761-06:00 DEBUG 17520 --- [    Test worker] org.hibernate.type.BasicTypeRegistry     : Adding type registration pg-uuid -> org.hibernate.type.BasicTypeReference@699e0bf0
2024-01-10T11:32:55.761-06:00 DEBUG 17520 --- [    Test worker] org.hibernate.type.BasicTypeRegistry     : Adding type registration uuid-binary -> org.hibernate.type.BasicTypeReference@2499b971
2024-01-10T11:32:55.761-06:00 DEBUG 17520 --- [    Test worker] org.hibernate.type.BasicTypeRegistry     : Adding type registration uuid-char -> org.hibernate.type.BasicTypeReference@36d697ab
2024-01-10T11:32:55.761-06:00 DEBUG 17520 --- [    Test worker] org.hibernate.type.BasicTypeRegistry     : Adding type registration class -> org.hibernate.type.BasicTypeReference@28831d69
2024-01-10T11:32:55.762-06:00 DEBUG 17520 --- [    Test worker] org.hibernate.type.BasicTypeRegistry     : Adding type registration java.lang.Class -> org.hibernate.type.BasicTypeReference@28831d69
2024-01-10T11:32:55.762-06:00 DEBUG 17520 --- [    Test worker] org.hibernate.type.BasicTypeRegistry     : Adding type registration currency -> org.hibernate.type.BasicTypeReference@315b4202
2024-01-10T11:32:55.762-06:00 DEBUG 17520 --- [    Test worker] org.hibernate.type.BasicTypeRegistry     : Adding type registration Currency -> org.hibernate.type.BasicTypeReference@315b4202
2024-01-10T11:32:55.762-06:00 DEBUG 17520 --- [    Test worker] org.hibernate.type.BasicTypeRegistry     : Adding type registration java.util.Currency -> org.hibernate.type.BasicTypeReference@315b4202
2024-01-10T11:32:55.762-06:00 DEBUG 17520 --- [    Test worker] org.hibernate.type.BasicTypeRegistry     : Adding type registration locale -> org.hibernate.type.BasicTypeReference@58e03769
2024-01-10T11:32:55.762-06:00 DEBUG 17520 --- [    Test worker] org.hibernate.type.BasicTypeRegistry     : Adding type registration java.util.Locale -> org.hibernate.type.BasicTypeReference@58e03769
2024-01-10T11:32:55.763-06:00 DEBUG 17520 --- [    Test worker] org.hibernate.type.BasicTypeRegistry     : Adding type registration serializable -> org.hibernate.type.BasicTypeReference@5a899811
2024-01-10T11:32:55.763-06:00 DEBUG 17520 --- [    Test worker] org.hibernate.type.BasicTypeRegistry     : Adding type registration java.io.Serializable -> org.hibernate.type.BasicTypeReference@5a899811
2024-01-10T11:32:55.763-06:00 DEBUG 17520 --- [    Test worker] org.hibernate.type.BasicTypeRegistry     : Adding type registration timezone -> org.hibernate.type.BasicTypeReference@6a51ae7c
2024-01-10T11:32:55.763-06:00 DEBUG 17520 --- [    Test worker] org.hibernate.type.BasicTypeRegistry     : Adding type registration java.util.TimeZone -> org.hibernate.type.BasicTypeReference@6a51ae7c
2024-01-10T11:32:55.763-06:00 DEBUG 17520 --- [    Test worker] org.hibernate.type.BasicTypeRegistry     : Adding type registration ZoneOffset -> org.hibernate.type.BasicTypeReference@171aa66
2024-01-10T11:32:55.763-06:00 DEBUG 17520 --- [    Test worker] org.hibernate.type.BasicTypeRegistry     : Adding type registration java.time.ZoneOffset -> org.hibernate.type.BasicTypeReference@171aa66
2024-01-10T11:32:55.763-06:00 DEBUG 17520 --- [    Test worker] org.hibernate.type.BasicTypeRegistry     : Adding type registration url -> org.hibernate.type.BasicTypeReference@58739e5e
2024-01-10T11:32:55.763-06:00 DEBUG 17520 --- [    Test worker] org.hibernate.type.BasicTypeRegistry     : Adding type registration java.net.URL -> org.hibernate.type.BasicTypeReference@58739e5e
2024-01-10T11:32:55.763-06:00 DEBUG 17520 --- [    Test worker] org.hibernate.type.BasicTypeRegistry     : Adding type registration row_version -> org.hibernate.type.BasicTypeReference@4e2cdc51
2024-01-10T11:32:55.771-06:00 DEBUG 17520 --- [    Test worker] org.hibernate.type.BasicTypeRegistry     : Adding type registration object -> org.hibernate.type.JavaObjectType@13cc31ae
2024-01-10T11:32:55.771-06:00 DEBUG 17520 --- [    Test worker] org.hibernate.type.BasicTypeRegistry     : Adding type registration java.lang.Object -> org.hibernate.type.JavaObjectType@13cc31ae
2024-01-10T11:32:55.772-06:00 DEBUG 17520 --- [    Test worker] org.hibernate.type.BasicTypeRegistry     : Adding type registration null -> org.hibernate.type.NullType@26994c6a
2024-01-10T11:32:55.772-06:00 DEBUG 17520 --- [    Test worker] org.hibernate.type.BasicTypeRegistry     : Adding type registration imm_date -> org.hibernate.type.BasicTypeReference@3cd46491
2024-01-10T11:32:55.773-06:00 DEBUG 17520 --- [    Test worker] org.hibernate.type.BasicTypeRegistry     : Adding type registration imm_time -> org.hibernate.type.BasicTypeReference@27d98bef
2024-01-10T11:32:55.773-06:00 DEBUG 17520 --- [    Test worker] org.hibernate.type.BasicTypeRegistry     : Adding type registration imm_timestamp -> org.hibernate.type.BasicTypeReference@349312d5
2024-01-10T11:32:55.773-06:00 DEBUG 17520 --- [    Test worker] org.hibernate.type.BasicTypeRegistry     : Adding type registration imm_calendar -> org.hibernate.type.BasicTypeReference@5885e231
2024-01-10T11:32:55.773-06:00 DEBUG 17520 --- [    Test worker] org.hibernate.type.BasicTypeRegistry     : Adding type registration imm_calendar_date -> org.hibernate.type.BasicTypeReference@47eaf55c
2024-01-10T11:32:55.773-06:00 DEBUG 17520 --- [    Test worker] org.hibernate.type.BasicTypeRegistry     : Adding type registration imm_calendar_time -> org.hibernate.type.BasicTypeReference@2c0798bd
2024-01-10T11:32:55.774-06:00 DEBUG 17520 --- [    Test worker] org.hibernate.type.BasicTypeRegistry     : Adding type registration imm_binary -> org.hibernate.type.BasicTypeReference@2e3252
2024-01-10T11:32:55.774-06:00 DEBUG 17520 --- [    Test worker] org.hibernate.type.BasicTypeRegistry     : Adding type registration imm_serializable -> org.hibernate.type.BasicTypeReference@77cddc0c
2024-01-10T11:32:55.980-06:00  INFO 17520 --- [    Test worker] o.s.o.j.p.SpringPersistenceUnitInfo      : No LoadTimeWeaver setup: ignoring JPA class transformer
2024-01-10T11:32:56.013-06:00  INFO 17520 --- [    Test worker] com.zaxxer.hikari.HikariDataSource       : HikariPool-1 - Starting...
2024-01-10T11:32:57.147-06:00  INFO 17520 --- [    Test worker] com.zaxxer.hikari.pool.HikariPool        : HikariPool-1 - Added connection com.mysql.cj.jdbc.ConnectionImpl@3af39e7b
2024-01-10T11:32:57.150-06:00  INFO 17520 --- [    Test worker] com.zaxxer.hikari.HikariDataSource       : HikariPool-1 - Start completed.
2024-01-10T11:32:57.175-06:00  WARN 17520 --- [    Test worker] org.hibernate.orm.deprecation            : HHH90000025: MySQL8Dialect does not need to be specified explicitly using 'hibernate.dialect' (remove the property setting and it will be selected by default)
2024-01-10T11:32:57.177-06:00  WARN 17520 --- [    Test worker] org.hibernate.orm.deprecation            : HHH90000026: MySQL8Dialect has been deprecated; use org.hibernate.dialect.MySQLDialect instead
2024-01-10T11:32:57.200-06:00 DEBUG 17520 --- [    Test worker] o.h.t.d.sql.spi.DdlTypeRegistry          : addDescriptor(12, org.hibernate.type.descriptor.sql.internal.CapacityDependentDdlType@45832b85) replaced previous registration(org.hibernate.type.descriptor.sql.internal.CapacityDependentDdlType@103478b8)
2024-01-10T11:32:57.201-06:00 DEBUG 17520 --- [    Test worker] o.h.t.d.sql.spi.DdlTypeRegistry          : addDescriptor(-9, org.hibernate.type.descriptor.sql.internal.CapacityDependentDdlType@270f7b4d) replaced previous registration(org.hibernate.type.descriptor.sql.internal.CapacityDependentDdlType@56b704ea)
2024-01-10T11:32:57.201-06:00 DEBUG 17520 --- [    Test worker] o.h.t.d.sql.spi.DdlTypeRegistry          : addDescriptor(-3, org.hibernate.type.descriptor.sql.internal.CapacityDependentDdlType@ab4d2ba) replaced previous registration(org.hibernate.type.descriptor.sql.internal.CapacityDependentDdlType@39f68aec)
2024-01-10T11:32:57.201-06:00 DEBUG 17520 --- [    Test worker] o.h.t.d.sql.spi.DdlTypeRegistry          : addDescriptor(4003, org.hibernate.type.descriptor.sql.internal.DdlTypeImpl@65ff4b8c) replaced previous registration(org.hibernate.type.descriptor.sql.internal.DdlTypeImpl@b81938d)
2024-01-10T11:32:57.201-06:00 DEBUG 17520 --- [    Test worker] o.h.t.d.sql.spi.DdlTypeRegistry          : addDescriptor(4001, org.hibernate.type.descriptor.sql.internal.DdlTypeImpl@278cb145) replaced previous registration(org.hibernate.type.descriptor.sql.internal.DdlTypeImpl@2aa0feb2)
2024-01-10T11:32:57.201-06:00 DEBUG 17520 --- [    Test worker] o.h.t.d.sql.spi.DdlTypeRegistry          : addDescriptor(4002, org.hibernate.type.descriptor.sql.internal.DdlTypeImpl@351c6341) replaced previous registration(org.hibernate.type.descriptor.sql.internal.DdlTypeImpl@32069394)
2024-01-10T11:32:57.201-06:00 DEBUG 17520 --- [    Test worker] o.h.t.d.sql.spi.DdlTypeRegistry          : addDescriptor(2004, org.hibernate.type.descriptor.sql.internal.CapacityDependentDdlType@70421a08) replaced previous registration(org.hibernate.type.descriptor.sql.internal.DdlTypeImpl@5dba3fdc)
2024-01-10T11:32:57.202-06:00 DEBUG 17520 --- [    Test worker] o.h.t.d.sql.spi.DdlTypeRegistry          : addDescriptor(2005, org.hibernate.type.descriptor.sql.internal.CapacityDependentDdlType@bea5941) replaced previous registration(org.hibernate.type.descriptor.sql.internal.DdlTypeImpl@df6f19b)
2024-01-10T11:32:57.202-06:00 DEBUG 17520 --- [    Test worker] o.h.t.d.sql.spi.DdlTypeRegistry          : addDescriptor(2011, org.hibernate.type.descriptor.sql.internal.CapacityDependentDdlType@6d842877) replaced previous registration(org.hibernate.type.descriptor.sql.internal.DdlTypeImpl@614cbec4)
2024-01-10T11:32:57.204-06:00 DEBUG 17520 --- [    Test worker] o.h.t.d.jdbc.spi.JdbcTypeRegistry        : addDescriptor(NCharTypeDescriptor) replaced previous registration(CharTypeDescriptor)
2024-01-10T11:32:57.205-06:00 DEBUG 17520 --- [    Test worker] o.h.t.d.jdbc.spi.JdbcTypeRegistry        : addDescriptor(NVarcharTypeDescriptor) replaced previous registration(VarcharTypeDescriptor)
2024-01-10T11:32:57.205-06:00 DEBUG 17520 --- [    Test worker] o.h.t.d.jdbc.spi.JdbcTypeRegistry        : addDescriptor(LongNVarcharTypeDescriptor) replaced previous registration(LongVarcharTypeDescriptor)
2024-01-10T11:32:57.207-06:00 DEBUG 17520 --- [    Test worker] o.h.t.d.jdbc.spi.JdbcTypeRegistry        : addDescriptor(NClobTypeDescriptor(DEFAULT)) replaced previous registration(ClobTypeDescriptor(DEFAULT))
2024-01-10T11:32:57.207-06:00 DEBUG 17520 --- [    Test worker] o.h.t.d.jdbc.spi.JdbcTypeRegistry        : addDescriptor(2005, ClobTypeDescriptor(STREAM_BINDING)) replaced previous registration(ClobTypeDescriptor(DEFAULT))
2024-01-10T11:32:57.209-06:00 DEBUG 17520 --- [    Test worker] org.hibernate.type.BasicTypeRegistry     : Adding type registration null -> org.hibernate.type.NullType@7438c3d5
2024-01-10T11:32:57.210-06:00 DEBUG 17520 --- [    Test worker] org.hibernate.type.BasicTypeRegistry     : Type registration key [null] overrode previous entry : `org.hibernate.type.NullType@26994c6a`
2024-01-10T11:32:57.213-06:00 DEBUG 17520 --- [    Test worker] org.hibernate.type.BasicTypeRegistry     : Adding type registration Duration -> basicType@1(java.time.Duration,2)
2024-01-10T11:32:57.213-06:00 DEBUG 17520 --- [    Test worker] org.hibernate.type.BasicTypeRegistry     : Adding type registration java.time.Duration -> basicType@1(java.time.Duration,2)
2024-01-10T11:32:57.218-06:00 DEBUG 17520 --- [    Test worker] org.hibernate.type.BasicTypeRegistry     : Adding type registration org.hibernate.type.OffsetDateTimeType -> basicType@2(java.time.OffsetDateTime,3003)
2024-01-10T11:32:57.218-06:00 DEBUG 17520 --- [    Test worker] org.hibernate.type.BasicTypeRegistry     : Adding type registration OffsetDateTime -> basicType@2(java.time.OffsetDateTime,3003)
2024-01-10T11:32:57.218-06:00 DEBUG 17520 --- [    Test worker] org.hibernate.type.BasicTypeRegistry     : Adding type registration java.time.OffsetDateTime -> basicType@2(java.time.OffsetDateTime,3003)
2024-01-10T11:32:57.218-06:00 DEBUG 17520 --- [    Test worker] org.hibernate.type.BasicTypeRegistry     : Adding type registration org.hibernate.type.ZonedDateTimeType -> basicType@3(java.time.ZonedDateTime,3003)
2024-01-10T11:32:57.218-06:00 DEBUG 17520 --- [    Test worker] org.hibernate.type.BasicTypeRegistry     : Adding type registration ZonedDateTime -> basicType@3(java.time.ZonedDateTime,3003)
2024-01-10T11:32:57.218-06:00 DEBUG 17520 --- [    Test worker] org.hibernate.type.BasicTypeRegistry     : Adding type registration java.time.ZonedDateTime -> basicType@3(java.time.ZonedDateTime,3003)
2024-01-10T11:32:57.220-06:00 DEBUG 17520 --- [    Test worker] org.hibernate.type.BasicTypeRegistry     : Adding type registration org.hibernate.type.OffsetTimeType -> basicType@4(java.time.OffsetTime,3007)
2024-01-10T11:32:57.220-06:00 DEBUG 17520 --- [    Test worker] org.hibernate.type.BasicTypeRegistry     : Adding type registration OffsetTime -> basicType@4(java.time.OffsetTime,3007)
2024-01-10T11:32:57.220-06:00 DEBUG 17520 --- [    Test worker] org.hibernate.type.BasicTypeRegistry     : Adding type registration java.time.OffsetTime -> basicType@4(java.time.OffsetTime,3007)
2024-01-10T11:32:57.222-06:00 DEBUG 17520 --- [    Test worker] o.h.type.spi.TypeConfiguration$Scope     : Scoping TypeConfiguration [org.hibernate.type.spi.TypeConfiguration@104bc677] to MetadataBuildingContext [org.hibernate.boot.internal.MetadataBuildingContextRootImpl@3bda1f0]
2024-01-10T11:32:58.089-06:00  INFO 17520 --- [    Test worker] o.h.e.t.j.p.i.JtaPlatformInitiator       : HHH000489: No JTA platform available (set 'hibernate.transaction.jta.platform' to enable JTA platform integration)
2024-01-10T11:32:58.089-06:00 DEBUG 17520 --- [    Test worker] o.h.type.spi.TypeConfiguration$Scope     : Scoping TypeConfiguration [org.hibernate.type.spi.TypeConfiguration@104bc677] to SessionFactoryImplementor [org.hibernate.internal.SessionFactoryImpl@1bca9b64]
2024-01-10T11:33:00.045-06:00 TRACE 17520 --- [    Test worker] o.h.type.spi.TypeConfiguration$Scope     : Handling #sessionFactoryCreated from [org.hibernate.internal.SessionFactoryImpl@1bca9b64] for TypeConfiguration
2024-01-10T11:33:00.045-06:00  INFO 17520 --- [    Test worker] j.LocalContainerEntityManagerFactoryBean : Initialized JPA EntityManagerFactory for persistence unit 'default'
2024-01-10T11:33:00.495-06:00  INFO 17520 --- [    Test worker] o.s.d.j.r.query.QueryEnhancerFactory     : Hibernate is in classpath; If applicable, HQL parser will be used.
2024-01-10T11:33:01.065-06:00  WARN 17520 --- [    Test worker] JpaBaseConfiguration$JpaWebConfiguration : spring.jpa.open-in-view is enabled by default. Therefore, database queries may be performed during view rendering. Explicitly configure spring.jpa.open-in-view to disable this warning
2024-01-10T11:33:01.094-06:00  INFO 17520 --- [    Test worker] o.s.b.a.w.s.WelcomePageHandlerMapping    : Adding welcome page template: index
2024-01-10T11:33:01.646-06:00  INFO 17520 --- [    Test worker] o.s.i.endpoint.EventDrivenConsumer       : Adding {logging-channel-adapter:_org.springframework.integration.errorLogger} as a subscriber to the 'errorChannel' channel
2024-01-10T11:33:01.647-06:00  INFO 17520 --- [    Test worker] o.s.i.channel.PublishSubscribeChannel    : Channel 'application.errorChannel' has 1 subscriber(s).
2024-01-10T11:33:01.647-06:00  INFO 17520 --- [    Test worker] o.s.i.endpoint.EventDrivenConsumer       : started bean '_org.springframework.integration.errorLogger'
2024-01-10T11:33:01.663-06:00  INFO 17520 --- [    Test worker] c.e.t.TriviaApplicationTests             : Started TriviaApplicationTests in 8.038 seconds (process running for 9.245)
]]></system-out>
  <system-err><![CDATA[]]></system-err>
</testsuite>
